Wed Jul 19 2023 16:30:21 GMT-0400 (Eastern Daylight Time): GET /
Wed Jul 19 2023 16:32:46 GMT-0400 (Eastern Daylight Time): GET /
Wed Jul 19 2023 16:33:43 GMT-0400 (Eastern Daylight Time): GET /
Wed Jul 19 2023 16:33:45 GMT-0400 (Eastern Daylight Time): GET /
Wed Jul 19 2023 16:35:24 GMT-0400 (Eastern Daylight Time): GET /
Wed Jul 19 2023 16:35:24 GMT-0400 (Eastern Daylight Time): GET /
Wed Jul 19 2023 16:35:25 GMT-0400 (Eastern Daylight Time): GET /
Wed Jul 19 2023 16:36:51 GMT-0400 (Eastern Daylight Time): GET /
Wed Jul 19 2023 16:36:51 GMT-0400 (Eastern Daylight Time): GET /favicon.ico
Wed Jul 19 2023 16:44:49 GMT-0400 (Eastern Daylight Time): GET /
Wed Jul 19 2023 16:44:49 GMT-0400 (Eastern Daylight Time): GET /favicon.ico
Wed Jul 19 2023 17:16:44 GMT-0400 (Eastern Daylight Time): GET /
Wed Jul 19 2023 17:16:44 GMT-0400 (Eastern Daylight Time): GET /favicon.ico
Wed Jul 19 2023 17:23:20 GMT-0400 (Eastern Daylight Time): GET /
Wed Jul 19 2023 17:23:20 GMT-0400 (Eastern Daylight Time): GET /favicon.ico
Wed Jul 19 2023 17:23:58 GMT-0400 (Eastern Daylight Time): GET /
Wed Jul 19 2023 17:23:58 GMT-0400 (Eastern Daylight Time): GET /favicon.ico
Wed Jul 19 2023 17:24:12 GMT-0400 (Eastern Daylight Time): GET /
Wed Jul 19 2023 17:24:12 GMT-0400 (Eastern Daylight Time): GET /favicon.ico
Wed Jul 19 2023 17:24:17 GMT-0400 (Eastern Daylight Time): GET /
Wed Jul 19 2023 17:24:17 GMT-0400 (Eastern Daylight Time): GET /favicon.ico
Wed Jul 19 2023 17:24:24 GMT-0400 (Eastern Daylight Time): GET /
Wed Jul 19 2023 17:24:24 GMT-0400 (Eastern Daylight Time): GET /favicon.ico
Wed Jul 19 2023 17:24:57 GMT-0400 (Eastern Daylight Time): GET /
Wed Jul 19 2023 17:24:57 GMT-0400 (Eastern Daylight Time): GET /favicon.ico
Wed Jul 19 2023 17:25:03 GMT-0400 (Eastern Daylight Time): GET /
Wed Jul 19 2023 17:25:03 GMT-0400 (Eastern Daylight Time): GET /favicon.ico
Wed Jul 19 2023 17:25:15 GMT-0400 (Eastern Daylight Time): GET /
Wed Jul 19 2023 17:25:15 GMT-0400 (Eastern Daylight Time): GET /favicon.ico
Wed Jul 19 2023 17:26:26 GMT-0400 (Eastern Daylight Time): GET /
Wed Jul 19 2023 17:26:26 GMT-0400 (Eastern Daylight Time): GET /favicon.ico
Wed Jul 19 2023 17:27:00 GMT-0400 (Eastern Daylight Time): GET /
Wed Jul 19 2023 17:27:00 GMT-0400 (Eastern Daylight Time): GET /favicon.ico
Wed Jul 19 2023 17:27:08 GMT-0400 (Eastern Daylight Time): GET /
Wed Jul 19 2023 17:27:09 GMT-0400 (Eastern Daylight Time): GET /favicon.ico
Wed Jul 19 2023 17:27:14 GMT-0400 (Eastern Daylight Time): GET /
Wed Jul 19 2023 17:27:14 GMT-0400 (Eastern Daylight Time): GET /favicon.ico
Wed Jul 19 2023 17:28:20 GMT-0400 (Eastern Daylight Time): GET /
Wed Jul 19 2023 17:28:20 GMT-0400 (Eastern Daylight Time): GET /favicon.ico
Wed Jul 19 2023 17:30:09 GMT-0400 (Eastern Daylight Time): GET /
Wed Jul 19 2023 17:30:09 GMT-0400 (Eastern Daylight Time): GET /favicon.ico
Wed Jul 19 2023 17:30:13 GMT-0400 (Eastern Daylight Time): GET /
Wed Jul 19 2023 17:30:13 GMT-0400 (Eastern Daylight Time): GET /favicon.ico
Wed Jul 19 2023 17:33:30 GMT-0400 (Eastern Daylight Time): GET /
Wed Jul 19 2023 17:33:30 GMT-0400 (Eastern Daylight Time): GET /favicon.ico
Wed Jul 19 2023 17:34:09 GMT-0400 (Eastern Daylight Time): GET /
Wed Jul 19 2023 17:34:09 GMT-0400 (Eastern Daylight Time): GET /favicon.ico
Wed Jul 19 2023 17:34:26 GMT-0400 (Eastern Daylight Time): GET /
Wed Jul 19 2023 17:34:26 GMT-0400 (Eastern Daylight Time): GET /favicon.ico
Wed Jul 19 2023 17:35:19 GMT-0400 (Eastern Daylight Time): GET /
Wed Jul 19 2023 17:35:19 GMT-0400 (Eastern Daylight Time): GET /favicon.ico
Wed Jul 19 2023 17:36:39 GMT-0400 (Eastern Daylight Time): GET /favicon.ico
Wed Jul 19 2023 17:36:40 GMT-0400 (Eastern Daylight Time): GET /
Wed Jul 19 2023 17:36:40 GMT-0400 (Eastern Daylight Time): GET /favicon.ico
Wed Jul 19 2023 17:36:42 GMT-0400 (Eastern Daylight Time): GET /css/main.css
Wed Jul 19 2023 17:36:42 GMT-0400 (Eastern Daylight Time): GET /favicon.ico
Wed Jul 19 2023 17:37:46 GMT-0400 (Eastern Daylight Time): GET /
Wed Jul 19 2023 17:37:46 GMT-0400 (Eastern Daylight Time): GET /css/main.css
Wed Jul 19 2023 17:37:46 GMT-0400 (Eastern Daylight Time): GET /favicon.ico
Wed Jul 19 2023 17:43:11 GMT-0400 (Eastern Daylight Time): GET /
Wed Jul 19 2023 17:43:11 GMT-0400 (Eastern Daylight Time): GET /css/main.css
Wed Jul 19 2023 17:43:11 GMT-0400 (Eastern Daylight Time): GET /favicon.ico
Wed Jul 19 2023 17:49:26 GMT-0400 (Eastern Daylight Time): GET /
Wed Jul 19 2023 17:49:26 GMT-0400 (Eastern Daylight Time): GET /css/main.css
Wed Jul 19 2023 17:49:27 GMT-0400 (Eastern Daylight Time): GET /favicon.ico
Wed Jul 19 2023 17:52:05 GMT-0400 (Eastern Daylight Time): GET /
Wed Jul 19 2023 17:52:05 GMT-0400 (Eastern Daylight Time): GET /css/main.css
Wed Jul 19 2023 17:52:05 GMT-0400 (Eastern Daylight Time): GET /favicon.ico
Wed Jul 19 2023 17:52:14 GMT-0400 (Eastern Daylight Time): GET /favicon.ico
Wed Jul 19 2023 17:52:15 GMT-0400 (Eastern Daylight Time): GET /css/main.css
Wed Jul 19 2023 17:52:15 GMT-0400 (Eastern Daylight Time): GET /favicon.ico
Wed Jul 19 2023 17:52:32 GMT-0400 (Eastern Daylight Time): GET /css/main.css
Wed Jul 19 2023 17:52:46 GMT-0400 (Eastern Daylight Time): GET /
Wed Jul 19 2023 17:52:46 GMT-0400 (Eastern Daylight Time): GET /css/main.css
Wed Jul 19 2023 17:52:46 GMT-0400 (Eastern Daylight Time): GET /favicon.ico
Wed Jul 19 2023 17:52:50 GMT-0400 (Eastern Daylight Time): GET /
Wed Jul 19 2023 17:52:50 GMT-0400 (Eastern Daylight Time): GET /css/main.css
Wed Jul 19 2023 17:52:50 GMT-0400 (Eastern Daylight Time): GET /favicon.ico
Wed Jul 19 2023 17:53:00 GMT-0400 (Eastern Daylight Time): GET /
Wed Jul 19 2023 17:53:00 GMT-0400 (Eastern Daylight Time): GET /css/main.css
Wed Jul 19 2023 17:53:00 GMT-0400 (Eastern Daylight Time): GET /favicon.ico
Wed Jul 19 2023 17:53:47 GMT-0400 (Eastern Daylight Time): GET /
Wed Jul 19 2023 17:53:47 GMT-0400 (Eastern Daylight Time): GET /css/main.css
Wed Jul 19 2023 17:53:47 GMT-0400 (Eastern Daylight Time): GET /favicon.ico
Wed Jul 19 2023 17:53:53 GMT-0400 (Eastern Daylight Time): GET /css/main.css
Wed Jul 19 2023 17:59:08 GMT-0400 (Eastern Daylight Time): GET /
Wed Jul 19 2023 17:59:17 GMT-0400 (Eastern Daylight Time): GET /
Wed Jul 19 2023 17:59:28 GMT-0400 (Eastern Daylight Time): GET /
Wed Jul 19 2023 17:59:30 GMT-0400 (Eastern Daylight Time): GET /
Wed Jul 19 2023 17:59:54 GMT-0400 (Eastern Daylight Time): GET /
Wed Jul 19 2023 17:59:54 GMT-0400 (Eastern Daylight Time): GET /css/main.css
Wed Jul 19 2023 17:59:54 GMT-0400 (Eastern Daylight Time): GET /favicon.ico
Wed Jul 19 2023 18:00:25 GMT-0400 (Eastern Daylight Time): GET /
Wed Jul 19 2023 18:00:25 GMT-0400 (Eastern Daylight Time): GET /css/main.css
Wed Jul 19 2023 18:00:25 GMT-0400 (Eastern Daylight Time): GET /favicon.ico
Wed Jul 19 2023 18:00:32 GMT-0400 (Eastern Daylight Time): GET /
Wed Jul 19 2023 18:00:33 GMT-0400 (Eastern Daylight Time): GET /css/main.css
Wed Jul 19 2023 18:00:33 GMT-0400 (Eastern Daylight Time): GET /favicon.ico
Wed Jul 19 2023 18:01:25 GMT-0400 (Eastern Daylight Time): GET /
Wed Jul 19 2023 18:01:26 GMT-0400 (Eastern Daylight Time): GET /css/main.css
Wed Jul 19 2023 18:01:26 GMT-0400 (Eastern Daylight Time): GET /favicon.ico
Wed Jul 19 2023 18:01:45 GMT-0400 (Eastern Daylight Time): GET /
Wed Jul 19 2023 18:01:45 GMT-0400 (Eastern Daylight Time): GET /css/main.css
Wed Jul 19 2023 18:01:45 GMT-0400 (Eastern Daylight Time): GET /favicon.ico
Wed Jul 19 2023 18:01:54 GMT-0400 (Eastern Daylight Time): GET /
Wed Jul 19 2023 18:01:54 GMT-0400 (Eastern Daylight Time): GET /css/main.css
Wed Jul 19 2023 18:01:54 GMT-0400 (Eastern Daylight Time): GET /favicon.ico
Wed Jul 19 2023 18:02:08 GMT-0400 (Eastern Daylight Time): GET /
Wed Jul 19 2023 18:02:08 GMT-0400 (Eastern Daylight Time): GET /css/main.css
Wed Jul 19 2023 18:02:08 GMT-0400 (Eastern Daylight Time): GET /favicon.ico
Wed Jul 19 2023 18:02:19 GMT-0400 (Eastern Daylight Time): GET /
Wed Jul 19 2023 18:02:19 GMT-0400 (Eastern Daylight Time): GET /css/main.css
Wed Jul 19 2023 18:02:19 GMT-0400 (Eastern Daylight Time): GET /favicon.ico
Wed Jul 19 2023 18:03:03 GMT-0400 (Eastern Daylight Time): GET /
Wed Jul 19 2023 18:03:03 GMT-0400 (Eastern Daylight Time): GET /css/main.css
Wed Jul 19 2023 18:03:03 GMT-0400 (Eastern Daylight Time): GET /favicon.ico
Wed Jul 19 2023 18:03:12 GMT-0400 (Eastern Daylight Time): GET /css/main.css
Wed Jul 19 2023 18:04:02 GMT-0400 (Eastern Daylight Time): GET /
Wed Jul 19 2023 18:04:02 GMT-0400 (Eastern Daylight Time): GET /css/main.css
Wed Jul 19 2023 18:04:02 GMT-0400 (Eastern Daylight Time): GET /favicon.ico
Wed Jul 19 2023 18:05:03 GMT-0400 (Eastern Daylight Time): GET /favicon.ico
Wed Jul 19 2023 18:05:05 GMT-0400 (Eastern Daylight Time): GET /css/main.css
Wed Jul 19 2023 18:05:05 GMT-0400 (Eastern Daylight Time): GET /favicon.ico
Wed Jul 19 2023 18:05:49 GMT-0400 (Eastern Daylight Time): GET /
Wed Jul 19 2023 18:05:49 GMT-0400 (Eastern Daylight Time): GET /css/main.css
Wed Jul 19 2023 18:05:49 GMT-0400 (Eastern Daylight Time): GET /favicon.ico
Wed Jul 19 2023 18:09:41 GMT-0400 (Eastern Daylight Time): GET /
Wed Jul 19 2023 18:09:41 GMT-0400 (Eastern Daylight Time): GET /css/main.css
Wed Jul 19 2023 18:09:41 GMT-0400 (Eastern Daylight Time): GET /favicon.ico
Wed Jul 19 2023 18:09:56 GMT-0400 (Eastern Daylight Time): GET /
Wed Jul 19 2023 18:09:56 GMT-0400 (Eastern Daylight Time): GET /css/main.css
Wed Jul 19 2023 18:09:56 GMT-0400 (Eastern Daylight Time): GET /favicon.ico
Wed Jul 19 2023 18:09:57 GMT-0400 (Eastern Daylight Time): GET /
Wed Jul 19 2023 18:09:57 GMT-0400 (Eastern Daylight Time): GET /css/main.css
Wed Jul 19 2023 18:09:57 GMT-0400 (Eastern Daylight Time): GET /favicon.ico
Wed Jul 19 2023 18:09:57 GMT-0400 (Eastern Daylight Time): GET /
Wed Jul 19 2023 18:09:57 GMT-0400 (Eastern Daylight Time): GET /css/main.css
Wed Jul 19 2023 18:09:57 GMT-0400 (Eastern Daylight Time): GET /favicon.ico
Wed Jul 19 2023 18:10:39 GMT-0400 (Eastern Daylight Time): GET /
Wed Jul 19 2023 18:10:39 GMT-0400 (Eastern Daylight Time): GET /css/main.css
Wed Jul 19 2023 18:10:39 GMT-0400 (Eastern Daylight Time): GET /favicon.ico
Wed Jul 19 2023 18:10:59 GMT-0400 (Eastern Daylight Time): GET /
Wed Jul 19 2023 18:10:59 GMT-0400 (Eastern Daylight Time): GET /css/main.css
Wed Jul 19 2023 18:10:59 GMT-0400 (Eastern Daylight Time): GET /favicon.ico
Wed Jul 19 2023 18:12:22 GMT-0400 (Eastern Daylight Time): GET /
Wed Jul 19 2023 18:12:22 GMT-0400 (Eastern Daylight Time): GET /css/main.css
Wed Jul 19 2023 18:12:22 GMT-0400 (Eastern Daylight Time): GET /favicon.ico
Wed Jul 19 2023 18:13:40 GMT-0400 (Eastern Daylight Time): GET /
Wed Jul 19 2023 18:13:40 GMT-0400 (Eastern Daylight Time): GET /css/main.css
Wed Jul 19 2023 18:13:40 GMT-0400 (Eastern Daylight Time): GET /favicon.ico
Wed Jul 19 2023 18:14:32 GMT-0400 (Eastern Daylight Time): GET /
Wed Jul 19 2023 18:14:32 GMT-0400 (Eastern Daylight Time): GET /css/main.css
Wed Jul 19 2023 18:14:32 GMT-0400 (Eastern Daylight Time): GET /favicon.ico
Wed Jul 19 2023 18:18:11 GMT-0400 (Eastern Daylight Time): GET /
Wed Jul 19 2023 18:18:11 GMT-0400 (Eastern Daylight Time): GET /css/main.css
Wed Jul 19 2023 18:18:11 GMT-0400 (Eastern Daylight Time): GET /favicon.ico
Wed Jul 19 2023 18:19:26 GMT-0400 (Eastern Daylight Time): GET /
Wed Jul 19 2023 18:19:26 GMT-0400 (Eastern Daylight Time): GET /css/main.css
Wed Jul 19 2023 18:19:26 GMT-0400 (Eastern Daylight Time): GET /favicon.ico
Wed Jul 19 2023 18:22:40 GMT-0400 (Eastern Daylight Time): GET /
Wed Jul 19 2023 18:22:40 GMT-0400 (Eastern Daylight Time): GET /css/main.css
Wed Jul 19 2023 18:22:40 GMT-0400 (Eastern Daylight Time): GET /favicon.ico
Wed Jul 19 2023 18:23:57 GMT-0400 (Eastern Daylight Time): GET /
Wed Jul 19 2023 18:23:57 GMT-0400 (Eastern Daylight Time): GET /css/main.css
Wed Jul 19 2023 18:23:57 GMT-0400 (Eastern Daylight Time): GET /favicon.ico
Wed Jul 19 2023 18:25:08 GMT-0400 (Eastern Daylight Time): GET /
Wed Jul 19 2023 18:25:08 GMT-0400 (Eastern Daylight Time): GET /css/main.css
Wed Jul 19 2023 18:25:08 GMT-0400 (Eastern Daylight Time): GET /favicon.ico
Wed Jul 19 2023 18:25:46 GMT-0400 (Eastern Daylight Time): GET /
Wed Jul 19 2023 18:25:46 GMT-0400 (Eastern Daylight Time): GET /css/main.css
Wed Jul 19 2023 18:25:46 GMT-0400 (Eastern Daylight Time): GET /favicon.ico
Wed Jul 19 2023 18:25:54 GMT-0400 (Eastern Daylight Time): GET /css/main.css
Wed Jul 19 2023 18:27:25 GMT-0400 (Eastern Daylight Time): GET /
Wed Jul 19 2023 18:27:25 GMT-0400 (Eastern Daylight Time): GET /css/main.css
Wed Jul 19 2023 18:27:25 GMT-0400 (Eastern Daylight Time): GET /favicon.ico
Wed Jul 19 2023 18:27:55 GMT-0400 (Eastern Daylight Time): GET /
Wed Jul 19 2023 18:27:55 GMT-0400 (Eastern Daylight Time): GET /css/main.css
Wed Jul 19 2023 18:27:56 GMT-0400 (Eastern Daylight Time): GET /favicon.ico
Wed Jul 19 2023 18:28:29 GMT-0400 (Eastern Daylight Time): GET /
Wed Jul 19 2023 18:28:30 GMT-0400 (Eastern Daylight Time): GET /css/main.css
Wed Jul 19 2023 18:28:30 GMT-0400 (Eastern Daylight Time): GET /favicon.ico
Wed Jul 19 2023 22:00:03 GMT-0400 (Eastern Daylight Time): GET /
Wed Jul 19 2023 22:00:03 GMT-0400 (Eastern Daylight Time): GET /css/font-awesome-all.min.css
Wed Jul 19 2023 22:00:03 GMT-0400 (Eastern Daylight Time): GET /css/glightbox.min.css
Wed Jul 19 2023 22:00:03 GMT-0400 (Eastern Daylight Time): GET /css/swiper-bundle.min.css
Wed Jul 19 2023 22:00:03 GMT-0400 (Eastern Daylight Time): GET /css/main.css
Wed Jul 19 2023 22:00:03 GMT-0400 (Eastern Daylight Time): GET /assets/images/logo/logo-pd-m.svg
Wed Jul 19 2023 22:00:03 GMT-0400 (Eastern Daylight Time): GET /webfonts/fa-solid-900.woff2
Wed Jul 19 2023 22:00:03 GMT-0400 (Eastern Daylight Time): GET /webfonts/fa-brands-400.woff2
Wed Jul 19 2023 22:00:03 GMT-0400 (Eastern Daylight Time): GET /favicon.ico
Wed Jul 19 2023 22:00:24 GMT-0400 (Eastern Daylight Time): GET /
Wed Jul 19 2023 22:00:24 GMT-0400 (Eastern Daylight Time): GET /css/font-awesome-all.min.css
Wed Jul 19 2023 22:00:24 GMT-0400 (Eastern Daylight Time): GET /css/glightbox.min.css
Wed Jul 19 2023 22:00:24 GMT-0400 (Eastern Daylight Time): GET /css/swiper-bundle.min.css
Wed Jul 19 2023 22:00:24 GMT-0400 (Eastern Daylight Time): GET /css/main.css
Wed Jul 19 2023 22:00:24 GMT-0400 (Eastern Daylight Time): GET /assets/images/logo/logo-pd-m.svg
Wed Jul 19 2023 22:00:24 GMT-0400 (Eastern Daylight Time): GET /webfonts/fa-solid-900.woff2
Wed Jul 19 2023 22:00:24 GMT-0400 (Eastern Daylight Time): GET /webfonts/fa-brands-400.woff2
Wed Jul 19 2023 22:00:24 GMT-0400 (Eastern Daylight Time): GET /favicon.ico
Wed Jul 19 2023 22:01:29 GMT-0400 (Eastern Daylight Time): GET /css/glightbox.min.css
Wed Jul 19 2023 22:01:29 GMT-0400 (Eastern Daylight Time): GET /css/font-awesome-all.min.css
Wed Jul 19 2023 22:01:29 GMT-0400 (Eastern Daylight Time): GET /css/swiper-bundle.min.css
Wed Jul 19 2023 22:01:29 GMT-0400 (Eastern Daylight Time): GET /css/main.css
Wed Jul 19 2023 22:02:15 GMT-0400 (Eastern Daylight Time): GET /
Wed Jul 19 2023 22:02:15 GMT-0400 (Eastern Daylight Time): GET /css/font-awesome-all.min.css
Wed Jul 19 2023 22:02:15 GMT-0400 (Eastern Daylight Time): GET /css/swiper-bundle.min.css
Wed Jul 19 2023 22:02:15 GMT-0400 (Eastern Daylight Time): GET /css/glightbox.min.css
Wed Jul 19 2023 22:02:15 GMT-0400 (Eastern Daylight Time): GET /css/main.css
Wed Jul 19 2023 22:02:15 GMT-0400 (Eastern Daylight Time): GET /assets/images/logo/logo-pd-m.svg
Wed Jul 19 2023 22:02:15 GMT-0400 (Eastern Daylight Time): GET /webfonts/fa-solid-900.woff2
Wed Jul 19 2023 22:02:15 GMT-0400 (Eastern Daylight Time): GET /favicon.ico
Wed Jul 19 2023 22:02:41 GMT-0400 (Eastern Daylight Time): GET /
Wed Jul 19 2023 22:02:41 GMT-0400 (Eastern Daylight Time): GET /css/font-awesome-all.min.css
Wed Jul 19 2023 22:02:41 GMT-0400 (Eastern Daylight Time): GET /css/glightbox.min.css
Wed Jul 19 2023 22:02:41 GMT-0400 (Eastern Daylight Time): GET /css/swiper-bundle.min.css
Wed Jul 19 2023 22:02:41 GMT-0400 (Eastern Daylight Time): GET /css/main.css
Wed Jul 19 2023 22:02:41 GMT-0400 (Eastern Daylight Time): GET /images/logo/logo-pd-m.svg
Wed Jul 19 2023 22:02:41 GMT-0400 (Eastern Daylight Time): GET /webfonts/fa-solid-900.woff2
Wed Jul 19 2023 22:02:41 GMT-0400 (Eastern Daylight Time): GET /favicon.ico
Wed Jul 19 2023 22:02:51 GMT-0400 (Eastern Daylight Time): GET /
Wed Jul 19 2023 22:02:51 GMT-0400 (Eastern Daylight Time): GET /css/font-awesome-all.min.css
Wed Jul 19 2023 22:02:51 GMT-0400 (Eastern Daylight Time): GET /css/glightbox.min.css
Wed Jul 19 2023 22:02:51 GMT-0400 (Eastern Daylight Time): GET /css/swiper-bundle.min.css
Wed Jul 19 2023 22:02:51 GMT-0400 (Eastern Daylight Time): GET /css/main.css
Wed Jul 19 2023 22:02:51 GMT-0400 (Eastern Daylight Time): GET /images/logo/logo-pd-m.svg
Wed Jul 19 2023 22:02:51 GMT-0400 (Eastern Daylight Time): GET /webfonts/fa-solid-900.woff2
Wed Jul 19 2023 22:02:51 GMT-0400 (Eastern Daylight Time): GET /favicon.ico
Wed Jul 19 2023 22:03:18 GMT-0400 (Eastern Daylight Time): GET /
Wed Jul 19 2023 22:03:18 GMT-0400 (Eastern Daylight Time): GET /css/font-awesome-all.min.css
Wed Jul 19 2023 22:03:18 GMT-0400 (Eastern Daylight Time): GET /css/glightbox.min.css
Wed Jul 19 2023 22:03:18 GMT-0400 (Eastern Daylight Time): GET /css/swiper-bundle.min.css
Wed Jul 19 2023 22:03:18 GMT-0400 (Eastern Daylight Time): GET /css/main.css
Wed Jul 19 2023 22:03:18 GMT-0400 (Eastern Daylight Time): GET /images/logo/logo-pd-m.svg
Wed Jul 19 2023 22:03:18 GMT-0400 (Eastern Daylight Time): GET /webfonts/fa-solid-900.woff2
Wed Jul 19 2023 22:03:18 GMT-0400 (Eastern Daylight Time): GET /favicon.ico
Wed Jul 19 2023 22:03:24 GMT-0400 (Eastern Daylight Time): GET /
Wed Jul 19 2023 22:03:24 GMT-0400 (Eastern Daylight Time): GET /css/font-awesome-all.min.css
Wed Jul 19 2023 22:03:24 GMT-0400 (Eastern Daylight Time): GET /css/glightbox.min.css
Wed Jul 19 2023 22:03:24 GMT-0400 (Eastern Daylight Time): GET /css/swiper-bundle.min.css
Wed Jul 19 2023 22:03:24 GMT-0400 (Eastern Daylight Time): GET /css/main.css
Wed Jul 19 2023 22:03:24 GMT-0400 (Eastern Daylight Time): GET /images/logo/logo-pd-m.svg
Wed Jul 19 2023 22:03:24 GMT-0400 (Eastern Daylight Time): GET /webfonts/fa-solid-900.woff2
Wed Jul 19 2023 22:03:24 GMT-0400 (Eastern Daylight Time): GET /favicon.ico
Wed Jul 19 2023 22:04:17 GMT-0400 (Eastern Daylight Time): GET /
Wed Jul 19 2023 22:04:17 GMT-0400 (Eastern Daylight Time): GET /css/font-awesome-all.min.css
Wed Jul 19 2023 22:04:17 GMT-0400 (Eastern Daylight Time): GET /css/glightbox.min.css
Wed Jul 19 2023 22:04:17 GMT-0400 (Eastern Daylight Time): GET /css/swiper-bundle.min.css
Wed Jul 19 2023 22:04:17 GMT-0400 (Eastern Daylight Time): GET /css/main.css
Wed Jul 19 2023 22:04:17 GMT-0400 (Eastern Daylight Time): GET /images/logo/logo-pd-m.svg
Wed Jul 19 2023 22:04:17 GMT-0400 (Eastern Daylight Time): GET /webfonts/fa-solid-900.woff2
Wed Jul 19 2023 22:04:17 GMT-0400 (Eastern Daylight Time): GET /favicon.ico
Wed Jul 19 2023 22:04:26 GMT-0400 (Eastern Daylight Time): GET /
Wed Jul 19 2023 22:04:26 GMT-0400 (Eastern Daylight Time): GET /css/font-awesome-all.min.css
Wed Jul 19 2023 22:04:26 GMT-0400 (Eastern Daylight Time): GET /css/glightbox.min.css
Wed Jul 19 2023 22:04:26 GMT-0400 (Eastern Daylight Time): GET /css/swiper-bundle.min.css
Wed Jul 19 2023 22:04:26 GMT-0400 (Eastern Daylight Time): GET /css/main.css
Wed Jul 19 2023 22:04:26 GMT-0400 (Eastern Daylight Time): GET /images/logo/logo-pd-m.svg
Wed Jul 19 2023 22:04:26 GMT-0400 (Eastern Daylight Time): GET /webfonts/fa-solid-900.woff2
Wed Jul 19 2023 22:04:26 GMT-0400 (Eastern Daylight Time): GET /favicon.ico
Wed Jul 19 2023 22:04:37 GMT-0400 (Eastern Daylight Time): GET /
Wed Jul 19 2023 22:04:37 GMT-0400 (Eastern Daylight Time): GET /css/font-awesome-all.min.css
Wed Jul 19 2023 22:04:37 GMT-0400 (Eastern Daylight Time): GET /css/glightbox.min.css
Wed Jul 19 2023 22:04:37 GMT-0400 (Eastern Daylight Time): GET /css/swiper-bundle.min.css
Wed Jul 19 2023 22:04:37 GMT-0400 (Eastern Daylight Time): GET /css/main.css
Wed Jul 19 2023 22:04:37 GMT-0400 (Eastern Daylight Time): GET /images/logo/logo-pd-m.svg
Wed Jul 19 2023 22:04:37 GMT-0400 (Eastern Daylight Time): GET /webfonts/fa-solid-900.woff2
Wed Jul 19 2023 22:04:37 GMT-0400 (Eastern Daylight Time): GET /favicon.ico
Wed Jul 19 2023 22:04:45 GMT-0400 (Eastern Daylight Time): GET /
Wed Jul 19 2023 22:04:45 GMT-0400 (Eastern Daylight Time): GET /css/font-awesome-all.min.css
Wed Jul 19 2023 22:04:45 GMT-0400 (Eastern Daylight Time): GET /css/glightbox.min.css
Wed Jul 19 2023 22:04:45 GMT-0400 (Eastern Daylight Time): GET /css/swiper-bundle.min.css
Wed Jul 19 2023 22:04:45 GMT-0400 (Eastern Daylight Time): GET /css/main.css
Wed Jul 19 2023 22:04:45 GMT-0400 (Eastern Daylight Time): GET /images/logo/logo-pd-m.svg
Wed Jul 19 2023 22:04:45 GMT-0400 (Eastern Daylight Time): GET /webfonts/fa-solid-900.woff2
Wed Jul 19 2023 22:04:45 GMT-0400 (Eastern Daylight Time): GET /favicon.ico
Wed Jul 19 2023 22:04:55 GMT-0400 (Eastern Daylight Time): GET /
Wed Jul 19 2023 22:04:55 GMT-0400 (Eastern Daylight Time): GET /css/font-awesome-all.min.css
Wed Jul 19 2023 22:04:55 GMT-0400 (Eastern Daylight Time): GET /css/glightbox.min.css
Wed Jul 19 2023 22:04:55 GMT-0400 (Eastern Daylight Time): GET /css/swiper-bundle.min.css
Wed Jul 19 2023 22:04:55 GMT-0400 (Eastern Daylight Time): GET /css/main.css
Wed Jul 19 2023 22:04:55 GMT-0400 (Eastern Daylight Time): GET /images/logo/logo-pd-m.svg
Wed Jul 19 2023 22:04:55 GMT-0400 (Eastern Daylight Time): GET /webfonts/fa-solid-900.woff2
Wed Jul 19 2023 22:04:55 GMT-0400 (Eastern Daylight Time): GET /favicon.ico
Wed Jul 19 2023 22:05:44 GMT-0400 (Eastern Daylight Time): GET /
Wed Jul 19 2023 22:05:44 GMT-0400 (Eastern Daylight Time): GET /css/font-awesome-all.min.css
Wed Jul 19 2023 22:05:44 GMT-0400 (Eastern Daylight Time): GET /css/glightbox.min.css
Wed Jul 19 2023 22:05:44 GMT-0400 (Eastern Daylight Time): GET /css/swiper-bundle.min.css
Wed Jul 19 2023 22:05:44 GMT-0400 (Eastern Daylight Time): GET /css/main.css
Wed Jul 19 2023 22:05:44 GMT-0400 (Eastern Daylight Time): GET /images/logo/logo-pd-m.svg
Wed Jul 19 2023 22:05:44 GMT-0400 (Eastern Daylight Time): GET /webfonts/fa-solid-900.woff2
Wed Jul 19 2023 22:05:44 GMT-0400 (Eastern Daylight Time): GET /favicon.ico
Wed Jul 19 2023 22:06:59 GMT-0400 (Eastern Daylight Time): GET /
Wed Jul 19 2023 22:06:59 GMT-0400 (Eastern Daylight Time): GET /css/font-awesome-all.min.css
Wed Jul 19 2023 22:07:00 GMT-0400 (Eastern Daylight Time): GET /css/glightbox.min.css
Wed Jul 19 2023 22:07:00 GMT-0400 (Eastern Daylight Time): GET /css/swiper-bundle.min.css
Wed Jul 19 2023 22:07:00 GMT-0400 (Eastern Daylight Time): GET /css/main.css
Wed Jul 19 2023 22:07:00 GMT-0400 (Eastern Daylight Time): GET /images/logo/logo-pd-m.svg
Wed Jul 19 2023 22:07:00 GMT-0400 (Eastern Daylight Time): GET /webfonts/fa-solid-900.woff2
Wed Jul 19 2023 22:07:00 GMT-0400 (Eastern Daylight Time): GET /favicon.ico
Wed Jul 19 2023 22:07:13 GMT-0400 (Eastern Daylight Time): GET /
Wed Jul 19 2023 22:07:13 GMT-0400 (Eastern Daylight Time): GET /css/font-awesome-all.min.css
Wed Jul 19 2023 22:07:14 GMT-0400 (Eastern Daylight Time): GET /css/glightbox.min.css
Wed Jul 19 2023 22:07:14 GMT-0400 (Eastern Daylight Time): GET /css/main.css
Wed Jul 19 2023 22:07:14 GMT-0400 (Eastern Daylight Time): GET /css/swiper-bundle.min.css
Wed Jul 19 2023 22:07:14 GMT-0400 (Eastern Daylight Time): GET /images/logo/logo-pd-m.svg
Wed Jul 19 2023 22:07:14 GMT-0400 (Eastern Daylight Time): GET /favicon.ico
Wed Jul 19 2023 22:07:29 GMT-0400 (Eastern Daylight Time): GET /
Wed Jul 19 2023 22:07:30 GMT-0400 (Eastern Daylight Time): GET /css/font-awesome-all.min.css
Wed Jul 19 2023 22:07:30 GMT-0400 (Eastern Daylight Time): GET /css/glightbox.min.css
Wed Jul 19 2023 22:07:30 GMT-0400 (Eastern Daylight Time): GET /css/swiper-bundle.min.css
Wed Jul 19 2023 22:07:30 GMT-0400 (Eastern Daylight Time): GET /css/main.css
Wed Jul 19 2023 22:07:30 GMT-0400 (Eastern Daylight Time): GET /images/logo/logo-pd-m.svg
Wed Jul 19 2023 22:07:30 GMT-0400 (Eastern Daylight Time): GET /favicon.ico
Wed Jul 19 2023 22:09:26 GMT-0400 (Eastern Daylight Time): GET /
Wed Jul 19 2023 22:09:26 GMT-0400 (Eastern Daylight Time): GET /css/font-awesome-all.min.css
Wed Jul 19 2023 22:09:26 GMT-0400 (Eastern Daylight Time): GET /css/glightbox.min.css
Wed Jul 19 2023 22:09:26 GMT-0400 (Eastern Daylight Time): GET /css/swiper-bundle.min.css
Wed Jul 19 2023 22:09:26 GMT-0400 (Eastern Daylight Time): GET /css/main.css
Wed Jul 19 2023 22:09:26 GMT-0400 (Eastern Daylight Time): GET /images/logo/logo-pd-m.svg
Wed Jul 19 2023 22:09:26 GMT-0400 (Eastern Daylight Time): GET /favicon.ico
Wed Jul 19 2023 22:09:32 GMT-0400 (Eastern Daylight Time): GET /css/glightbox.min.css
Wed Jul 19 2023 22:09:32 GMT-0400 (Eastern Daylight Time): GET /css/font-awesome-all.min.css
Wed Jul 19 2023 22:09:32 GMT-0400 (Eastern Daylight Time): GET /css/swiper-bundle.min.css
Wed Jul 19 2023 22:09:32 GMT-0400 (Eastern Daylight Time): GET /css/main.css
Wed Jul 19 2023 22:10:08 GMT-0400 (Eastern Daylight Time): GET /
Wed Jul 19 2023 22:10:08 GMT-0400 (Eastern Daylight Time): GET /css/font-awesome-all.min.css
Wed Jul 19 2023 22:10:08 GMT-0400 (Eastern Daylight Time): GET /css/glightbox.min.css
Wed Jul 19 2023 22:10:08 GMT-0400 (Eastern Daylight Time): GET /css/swiper-bundle.min.css
Wed Jul 19 2023 22:10:08 GMT-0400 (Eastern Daylight Time): GET /css/main.css
Wed Jul 19 2023 22:10:08 GMT-0400 (Eastern Daylight Time): GET /images/logo/logo-pd-m.svg
Wed Jul 19 2023 22:10:08 GMT-0400 (Eastern Daylight Time): GET /favicon.ico
Wed Jul 19 2023 22:10:29 GMT-0400 (Eastern Daylight Time): GET /
Wed Jul 19 2023 22:10:29 GMT-0400 (Eastern Daylight Time): GET /css/font-awesome-all.min.css
Wed Jul 19 2023 22:10:29 GMT-0400 (Eastern Daylight Time): GET /css/main.css
Wed Jul 19 2023 22:10:29 GMT-0400 (Eastern Daylight Time): GET /css/swiper-bundle.min.css
Wed Jul 19 2023 22:10:29 GMT-0400 (Eastern Daylight Time): GET /css/glightbox.min.css
Wed Jul 19 2023 22:10:29 GMT-0400 (Eastern Daylight Time): GET /favicon.ico
Wed Jul 19 2023 22:10:35 GMT-0400 (Eastern Daylight Time): GET /
Wed Jul 19 2023 22:10:35 GMT-0400 (Eastern Daylight Time): GET /css/font-awesome-all.min.css
Wed Jul 19 2023 22:10:35 GMT-0400 (Eastern Daylight Time): GET /css/swiper-bundle.min.css
Wed Jul 19 2023 22:10:35 GMT-0400 (Eastern Daylight Time): GET /css/glightbox.min.css
Wed Jul 19 2023 22:10:35 GMT-0400 (Eastern Daylight Time): GET /css/main.css
Wed Jul 19 2023 22:10:35 GMT-0400 (Eastern Daylight Time): GET /favicon.ico
Wed Jul 19 2023 22:10:39 GMT-0400 (Eastern Daylight Time): GET /
Wed Jul 19 2023 22:10:39 GMT-0400 (Eastern Daylight Time): GET /css/font-awesome-all.min.css
Wed Jul 19 2023 22:10:39 GMT-0400 (Eastern Daylight Time): GET /css/glightbox.min.css
Wed Jul 19 2023 22:10:39 GMT-0400 (Eastern Daylight Time): GET /css/main.css
Wed Jul 19 2023 22:10:39 GMT-0400 (Eastern Daylight Time): GET /css/swiper-bundle.min.css
Wed Jul 19 2023 22:10:39 GMT-0400 (Eastern Daylight Time): GET /favicon.ico
Wed Jul 19 2023 22:11:46 GMT-0400 (Eastern Daylight Time): GET /
Wed Jul 19 2023 22:11:46 GMT-0400 (Eastern Daylight Time): GET /css/font-awesome-all.min.css
Wed Jul 19 2023 22:11:46 GMT-0400 (Eastern Daylight Time): GET /css/glightbox.min.css
Wed Jul 19 2023 22:11:46 GMT-0400 (Eastern Daylight Time): GET /css/swiper-bundle.min.css
Wed Jul 19 2023 22:11:46 GMT-0400 (Eastern Daylight Time): GET /css/main.css
Wed Jul 19 2023 22:11:46 GMT-0400 (Eastern Daylight Time): GET /favicon.ico
Wed Jul 19 2023 22:11:54 GMT-0400 (Eastern Daylight Time): GET /
Wed Jul 19 2023 22:11:54 GMT-0400 (Eastern Daylight Time): GET /css/font-awesome-all.min.css
Wed Jul 19 2023 22:11:54 GMT-0400 (Eastern Daylight Time): GET /css/glightbox.min.css
Wed Jul 19 2023 22:11:54 GMT-0400 (Eastern Daylight Time): GET /css/swiper-bundle.min.css
Wed Jul 19 2023 22:11:54 GMT-0400 (Eastern Daylight Time): GET /css/main.css
Wed Jul 19 2023 22:11:54 GMT-0400 (Eastern Daylight Time): GET /favicon.ico
Wed Jul 19 2023 22:12:37 GMT-0400 (Eastern Daylight Time): GET /
Wed Jul 19 2023 22:12:37 GMT-0400 (Eastern Daylight Time): GET /css/font-awesome-all.min.css
Wed Jul 19 2023 22:12:37 GMT-0400 (Eastern Daylight Time): GET /css/glightbox.min.css
Wed Jul 19 2023 22:12:37 GMT-0400 (Eastern Daylight Time): GET /css/swiper-bundle.min.css
Wed Jul 19 2023 22:12:37 GMT-0400 (Eastern Daylight Time): GET /css/main.css
Wed Jul 19 2023 22:12:37 GMT-0400 (Eastern Daylight Time): GET /assets/images/hero/hero-one/person.png
Wed Jul 19 2023 22:12:37 GMT-0400 (Eastern Daylight Time): GET /assets/images/hero/hero-one/circle.png
Wed Jul 19 2023 22:12:37 GMT-0400 (Eastern Daylight Time): GET /assets/images/hero/hero-one/b-circle.png
Wed Jul 19 2023 22:12:37 GMT-0400 (Eastern Daylight Time): GET /assets/images/hero/hero-one/p-arc.png
Wed Jul 19 2023 22:12:37 GMT-0400 (Eastern Daylight Time): GET /assets/images/hero/hero-one/g-tri.png
Wed Jul 19 2023 22:12:37 GMT-0400 (Eastern Daylight Time): GET /assets/images/hero/hero-one/blob.png
Wed Jul 19 2023 22:12:37 GMT-0400 (Eastern Daylight Time): GET /assets/images/hero/hero-one/g-u.png
Wed Jul 19 2023 22:12:37 GMT-0400 (Eastern Daylight Time): GET /assets/images/bg/hero-1-bg.jpg
Wed Jul 19 2023 22:12:37 GMT-0400 (Eastern Daylight Time): GET /assets/images/hero/hero-one/customers.png
Wed Jul 19 2023 22:12:38 GMT-0400 (Eastern Daylight Time): GET /favicon.ico
Wed Jul 19 2023 22:13:06 GMT-0400 (Eastern Daylight Time): GET /
Wed Jul 19 2023 22:13:06 GMT-0400 (Eastern Daylight Time): GET /css/font-awesome-all.min.css
Wed Jul 19 2023 22:13:06 GMT-0400 (Eastern Daylight Time): GET /css/glightbox.min.css
Wed Jul 19 2023 22:13:06 GMT-0400 (Eastern Daylight Time): GET /css/swiper-bundle.min.css
Wed Jul 19 2023 22:13:06 GMT-0400 (Eastern Daylight Time): GET /css/main.css
Wed Jul 19 2023 22:13:06 GMT-0400 (Eastern Daylight Time): GET /images/hero/hero-one/person.png
Wed Jul 19 2023 22:13:06 GMT-0400 (Eastern Daylight Time): GET /images/hero/hero-one/circle.png
Wed Jul 19 2023 22:13:06 GMT-0400 (Eastern Daylight Time): GET /images/hero/hero-one/b-circle.png
Wed Jul 19 2023 22:13:06 GMT-0400 (Eastern Daylight Time): GET /images/hero/hero-one/g-tri.png
Wed Jul 19 2023 22:13:06 GMT-0400 (Eastern Daylight Time): GET /images/hero/hero-one/blob.png
Wed Jul 19 2023 22:13:06 GMT-0400 (Eastern Daylight Time): GET /images/hero/hero-one/p-arc.png
Wed Jul 19 2023 22:13:06 GMT-0400 (Eastern Daylight Time): GET /images/hero/hero-one/g-u.png
Wed Jul 19 2023 22:13:06 GMT-0400 (Eastern Daylight Time): GET /images/bg/hero-1-bg.jpg
Wed Jul 19 2023 22:13:06 GMT-0400 (Eastern Daylight Time): GET /images/hero/hero-one/customers.png
Wed Jul 19 2023 22:13:06 GMT-0400 (Eastern Daylight Time): GET /favicon.ico
Wed Jul 19 2023 22:15:42 GMT-0400 (Eastern Daylight Time): GET /css/font-awesome-all.min.css
Wed Jul 19 2023 22:15:42 GMT-0400 (Eastern Daylight Time): GET /css/swiper-bundle.min.css
Wed Jul 19 2023 22:15:42 GMT-0400 (Eastern Daylight Time): GET /css/glightbox.min.css
Wed Jul 19 2023 22:15:42 GMT-0400 (Eastern Daylight Time): GET /css/main.css
Wed Jul 19 2023 22:16:59 GMT-0400 (Eastern Daylight Time): GET /
Wed Jul 19 2023 22:16:59 GMT-0400 (Eastern Daylight Time): GET /css/font-awesome-all.min.css
Wed Jul 19 2023 22:16:59 GMT-0400 (Eastern Daylight Time): GET /css/glightbox.min.css
Wed Jul 19 2023 22:16:59 GMT-0400 (Eastern Daylight Time): GET /css/swiper-bundle.min.css
Wed Jul 19 2023 22:16:59 GMT-0400 (Eastern Daylight Time): GET /css/main.css
Wed Jul 19 2023 22:16:59 GMT-0400 (Eastern Daylight Time): GET /images/hero/hero-one/person.png
Wed Jul 19 2023 22:16:59 GMT-0400 (Eastern Daylight Time): GET /images/hero/hero-one/circle.png
Wed Jul 19 2023 22:16:59 GMT-0400 (Eastern Daylight Time): GET /images/hero/hero-one/b-circle.png
Wed Jul 19 2023 22:16:59 GMT-0400 (Eastern Daylight Time): GET /images/hero/hero-one/g-tri.png
Wed Jul 19 2023 22:16:59 GMT-0400 (Eastern Daylight Time): GET /images/hero/hero-one/g-u.png
Wed Jul 19 2023 22:16:59 GMT-0400 (Eastern Daylight Time): GET /images/hero/hero-one/customers.png
Wed Jul 19 2023 22:16:59 GMT-0400 (Eastern Daylight Time): GET /images/hero/hero-one/p-arc.png
Wed Jul 19 2023 22:16:59 GMT-0400 (Eastern Daylight Time): GET /images/hero/hero-one/blob.png
Wed Jul 19 2023 22:16:59 GMT-0400 (Eastern Daylight Time): GET /images/bg/hero-1-bg.jpg
Wed Jul 19 2023 22:16:59 GMT-0400 (Eastern Daylight Time): GET /favicon.ico
Wed Jul 19 2023 22:17:32 GMT-0400 (Eastern Daylight Time): GET /
Wed Jul 19 2023 22:17:32 GMT-0400 (Eastern Daylight Time): GET /css/font-awesome-all.min.css
Wed Jul 19 2023 22:17:32 GMT-0400 (Eastern Daylight Time): GET /css/glightbox.min.css
Wed Jul 19 2023 22:17:32 GMT-0400 (Eastern Daylight Time): GET /css/swiper-bundle.min.css
Wed Jul 19 2023 22:17:32 GMT-0400 (Eastern Daylight Time): GET /css/main.css
Wed Jul 19 2023 22:17:32 GMT-0400 (Eastern Daylight Time): GET /images/hero/hero-one/person.png
Wed Jul 19 2023 22:17:32 GMT-0400 (Eastern Daylight Time): GET /images/hero/hero-one/g-tri.png
Wed Jul 19 2023 22:17:32 GMT-0400 (Eastern Daylight Time): GET /images/hero/hero-one/b-circle.png
Wed Jul 19 2023 22:17:32 GMT-0400 (Eastern Daylight Time): GET /images/hero/hero-one/p-arc.png
Wed Jul 19 2023 22:17:32 GMT-0400 (Eastern Daylight Time): GET /images/hero/hero-one/g-u.png
Wed Jul 19 2023 22:17:32 GMT-0400 (Eastern Daylight Time): GET /images/hero/hero-one/customers.png
Wed Jul 19 2023 22:17:32 GMT-0400 (Eastern Daylight Time): GET /images/hero/hero-one/circle.png
Wed Jul 19 2023 22:17:32 GMT-0400 (Eastern Daylight Time): GET /images/hero/hero-one/blob.png
Wed Jul 19 2023 22:17:32 GMT-0400 (Eastern Daylight Time): GET /images/bg/hero-1-bg.jpg
Wed Jul 19 2023 22:17:32 GMT-0400 (Eastern Daylight Time): GET /favicon.ico
Wed Jul 19 2023 22:18:03 GMT-0400 (Eastern Daylight Time): GET /
Wed Jul 19 2023 22:18:03 GMT-0400 (Eastern Daylight Time): GET /css/font-awesome-all.min.css
Wed Jul 19 2023 22:18:03 GMT-0400 (Eastern Daylight Time): GET /css/glightbox.min.css
Wed Jul 19 2023 22:18:03 GMT-0400 (Eastern Daylight Time): GET /css/swiper-bundle.min.css
Wed Jul 19 2023 22:18:03 GMT-0400 (Eastern Daylight Time): GET /css/main.css
Wed Jul 19 2023 22:18:03 GMT-0400 (Eastern Daylight Time): GET /images/hero/hero-one/circle.png
Wed Jul 19 2023 22:18:03 GMT-0400 (Eastern Daylight Time): GET /images/hero/hero-one/b-circle.png
Wed Jul 19 2023 22:18:03 GMT-0400 (Eastern Daylight Time): GET /images/hero/hero-one/person.png
Wed Jul 19 2023 22:18:03 GMT-0400 (Eastern Daylight Time): GET /images/hero/hero-one/g-tri.png
Wed Jul 19 2023 22:18:03 GMT-0400 (Eastern Daylight Time): GET /images/hero/hero-one/blob.png
Wed Jul 19 2023 22:18:03 GMT-0400 (Eastern Daylight Time): GET /images/hero/hero-one/p-arc.png
Wed Jul 19 2023 22:18:03 GMT-0400 (Eastern Daylight Time): GET /images/hero/hero-one/g-u.png
Wed Jul 19 2023 22:18:03 GMT-0400 (Eastern Daylight Time): GET /images/hero/hero-one/customers.png
Wed Jul 19 2023 22:18:03 GMT-0400 (Eastern Daylight Time): GET /images/bg/hero-1-bg.jpg
Wed Jul 19 2023 22:18:03 GMT-0400 (Eastern Daylight Time): GET /favicon.ico
Wed Jul 19 2023 22:18:14 GMT-0400 (Eastern Daylight Time): GET /
Wed Jul 19 2023 22:18:14 GMT-0400 (Eastern Daylight Time): GET /css/font-awesome-all.min.css
Wed Jul 19 2023 22:18:14 GMT-0400 (Eastern Daylight Time): GET /css/main.css
Wed Jul 19 2023 22:18:14 GMT-0400 (Eastern Daylight Time): GET /css/glightbox.min.css
Wed Jul 19 2023 22:18:14 GMT-0400 (Eastern Daylight Time): GET /css/swiper-bundle.min.css
Wed Jul 19 2023 22:18:14 GMT-0400 (Eastern Daylight Time): GET /images/hero/hero-one/person.png
Wed Jul 19 2023 22:18:14 GMT-0400 (Eastern Daylight Time): GET /images/hero/hero-one/b-circle.png
Wed Jul 19 2023 22:18:14 GMT-0400 (Eastern Daylight Time): GET /images/hero/hero-one/circle.png
Wed Jul 19 2023 22:18:14 GMT-0400 (Eastern Daylight Time): GET /images/hero/hero-one/g-tri.png
Wed Jul 19 2023 22:18:14 GMT-0400 (Eastern Daylight Time): GET /images/hero/hero-one/g-u.png
Wed Jul 19 2023 22:18:14 GMT-0400 (Eastern Daylight Time): GET /images/hero/hero-one/customers.png
Wed Jul 19 2023 22:18:14 GMT-0400 (Eastern Daylight Time): GET /images/hero/hero-one/blob.png
Wed Jul 19 2023 22:18:14 GMT-0400 (Eastern Daylight Time): GET /images/hero/hero-one/p-arc.png
Wed Jul 19 2023 22:18:14 GMT-0400 (Eastern Daylight Time): GET /images/bg/hero-1-bg.jpg
Wed Jul 19 2023 22:18:14 GMT-0400 (Eastern Daylight Time): GET /favicon.ico
Wed Jul 19 2023 22:18:32 GMT-0400 (Eastern Daylight Time): GET /
Wed Jul 19 2023 22:18:32 GMT-0400 (Eastern Daylight Time): GET /css/font-awesome-all.min.css
Wed Jul 19 2023 22:18:32 GMT-0400 (Eastern Daylight Time): GET /css/glightbox.min.css
Wed Jul 19 2023 22:18:32 GMT-0400 (Eastern Daylight Time): GET /css/swiper-bundle.min.css
Wed Jul 19 2023 22:18:32 GMT-0400 (Eastern Daylight Time): GET /css/main.css
Wed Jul 19 2023 22:18:32 GMT-0400 (Eastern Daylight Time): GET /images/hero/hero-one/person.png
Wed Jul 19 2023 22:18:32 GMT-0400 (Eastern Daylight Time): GET /images/hero/hero-one/b-circle.png
Wed Jul 19 2023 22:18:32 GMT-0400 (Eastern Daylight Time): GET /images/hero/hero-one/g-u.png
Wed Jul 19 2023 22:18:32 GMT-0400 (Eastern Daylight Time): GET /images/hero/hero-one/customers.png
Wed Jul 19 2023 22:18:32 GMT-0400 (Eastern Daylight Time): GET /images/hero/hero-one/circle.png
Wed Jul 19 2023 22:18:32 GMT-0400 (Eastern Daylight Time): GET /images/hero/hero-one/g-tri.png
Wed Jul 19 2023 22:18:32 GMT-0400 (Eastern Daylight Time): GET /images/hero/hero-one/blob.png
Wed Jul 19 2023 22:18:32 GMT-0400 (Eastern Daylight Time): GET /images/hero/hero-one/p-arc.png
Wed Jul 19 2023 22:18:32 GMT-0400 (Eastern Daylight Time): GET /images/bg/hero-1-bg.jpg
Wed Jul 19 2023 22:18:32 GMT-0400 (Eastern Daylight Time): GET /favicon.ico
Wed Jul 19 2023 22:18:40 GMT-0400 (Eastern Daylight Time): GET /
Wed Jul 19 2023 22:18:40 GMT-0400 (Eastern Daylight Time): GET /css/font-awesome-all.min.css
Wed Jul 19 2023 22:18:40 GMT-0400 (Eastern Daylight Time): GET /css/glightbox.min.css
Wed Jul 19 2023 22:18:40 GMT-0400 (Eastern Daylight Time): GET /css/swiper-bundle.min.css
Wed Jul 19 2023 22:18:40 GMT-0400 (Eastern Daylight Time): GET /css/main.css
Wed Jul 19 2023 22:18:40 GMT-0400 (Eastern Daylight Time): GET /images/hero/hero-one/person.png
Wed Jul 19 2023 22:18:40 GMT-0400 (Eastern Daylight Time): GET /images/hero/hero-one/circle.png
Wed Jul 19 2023 22:18:40 GMT-0400 (Eastern Daylight Time): GET /images/hero/hero-one/b-circle.png
Wed Jul 19 2023 22:18:40 GMT-0400 (Eastern Daylight Time): GET /images/hero/hero-one/g-tri.png
Wed Jul 19 2023 22:18:40 GMT-0400 (Eastern Daylight Time): GET /images/hero/hero-one/blob.png
Wed Jul 19 2023 22:18:40 GMT-0400 (Eastern Daylight Time): GET /images/hero/hero-one/p-arc.png
Wed Jul 19 2023 22:18:40 GMT-0400 (Eastern Daylight Time): GET /images/hero/hero-one/g-u.png
Wed Jul 19 2023 22:18:40 GMT-0400 (Eastern Daylight Time): GET /images/hero/hero-one/customers.png
Wed Jul 19 2023 22:18:40 GMT-0400 (Eastern Daylight Time): GET /images/bg/hero-1-bg.jpg
Wed Jul 19 2023 22:18:40 GMT-0400 (Eastern Daylight Time): GET /favicon.ico
Wed Jul 19 2023 22:20:07 GMT-0400 (Eastern Daylight Time): GET /
Wed Jul 19 2023 22:20:07 GMT-0400 (Eastern Daylight Time): GET /css/font-awesome-all.min.css
Wed Jul 19 2023 22:20:07 GMT-0400 (Eastern Daylight Time): GET /css/glightbox.min.css
Wed Jul 19 2023 22:20:07 GMT-0400 (Eastern Daylight Time): GET /css/swiper-bundle.min.css
Wed Jul 19 2023 22:20:07 GMT-0400 (Eastern Daylight Time): GET /css/main.css
Wed Jul 19 2023 22:20:07 GMT-0400 (Eastern Daylight Time): GET /images/hero/hero-one/person.png
Wed Jul 19 2023 22:20:07 GMT-0400 (Eastern Daylight Time): GET /images/hero/hero-one/circle.png
Wed Jul 19 2023 22:20:07 GMT-0400 (Eastern Daylight Time): GET /images/hero/hero-one/b-circle.png
Wed Jul 19 2023 22:20:07 GMT-0400 (Eastern Daylight Time): GET /images/hero/hero-one/g-tri.png
Wed Jul 19 2023 22:20:07 GMT-0400 (Eastern Daylight Time): GET /images/hero/hero-one/g-u.png
Wed Jul 19 2023 22:20:07 GMT-0400 (Eastern Daylight Time): GET /images/hero/hero-one/customers.png
Wed Jul 19 2023 22:20:07 GMT-0400 (Eastern Daylight Time): GET /images/hero/hero-one/blob.png
Wed Jul 19 2023 22:20:07 GMT-0400 (Eastern Daylight Time): GET /images/hero/hero-one/p-arc.png
Wed Jul 19 2023 22:20:07 GMT-0400 (Eastern Daylight Time): GET /images/bg/hero-1-bg.jpg
Wed Jul 19 2023 22:20:07 GMT-0400 (Eastern Daylight Time): GET /favicon.ico
Wed Jul 19 2023 22:20:56 GMT-0400 (Eastern Daylight Time): GET /
Wed Jul 19 2023 22:20:56 GMT-0400 (Eastern Daylight Time): GET /css/font-awesome-all.min.css
Wed Jul 19 2023 22:20:56 GMT-0400 (Eastern Daylight Time): GET /css/swiper-bundle.min.css
Wed Jul 19 2023 22:20:56 GMT-0400 (Eastern Daylight Time): GET /css/glightbox.min.css
Wed Jul 19 2023 22:20:56 GMT-0400 (Eastern Daylight Time): GET /css/main.css
Wed Jul 19 2023 22:20:56 GMT-0400 (Eastern Daylight Time): GET /images/hero/hero-one/person.png
Wed Jul 19 2023 22:20:56 GMT-0400 (Eastern Daylight Time): GET /images/hero/hero-one/circle.png
Wed Jul 19 2023 22:20:56 GMT-0400 (Eastern Daylight Time): GET /images/hero/hero-one/b-circle.png
Wed Jul 19 2023 22:20:56 GMT-0400 (Eastern Daylight Time): GET /images/hero/hero-one/g-tri.png
Wed Jul 19 2023 22:20:56 GMT-0400 (Eastern Daylight Time): GET /images/hero/hero-one/g-u.png
Wed Jul 19 2023 22:20:56 GMT-0400 (Eastern Daylight Time): GET /images/hero/hero-one/customers.png
Wed Jul 19 2023 22:20:56 GMT-0400 (Eastern Daylight Time): GET /images/hero/hero-one/blob.png
Wed Jul 19 2023 22:20:56 GMT-0400 (Eastern Daylight Time): GET /images/hero/hero-one/p-arc.png
Wed Jul 19 2023 22:20:56 GMT-0400 (Eastern Daylight Time): GET /images/bg/hero-1-bg.jpg
Wed Jul 19 2023 22:20:56 GMT-0400 (Eastern Daylight Time): GET /favicon.ico
Wed Jul 19 2023 22:21:25 GMT-0400 (Eastern Daylight Time): GET /
Wed Jul 19 2023 22:21:25 GMT-0400 (Eastern Daylight Time): GET /css/font-awesome-all.min.css
Wed Jul 19 2023 22:21:25 GMT-0400 (Eastern Daylight Time): GET /css/swiper-bundle.min.css
Wed Jul 19 2023 22:21:25 GMT-0400 (Eastern Daylight Time): GET /css/glightbox.min.css
Wed Jul 19 2023 22:21:25 GMT-0400 (Eastern Daylight Time): GET /css/main.css
Wed Jul 19 2023 22:21:25 GMT-0400 (Eastern Daylight Time): GET /images/hero/hero-one/person.png
Wed Jul 19 2023 22:21:25 GMT-0400 (Eastern Daylight Time): GET /images/hero/hero-one/circle.png
Wed Jul 19 2023 22:21:25 GMT-0400 (Eastern Daylight Time): GET /images/hero/hero-one/b-circle.png
Wed Jul 19 2023 22:21:25 GMT-0400 (Eastern Daylight Time): GET /images/hero/hero-one/g-tri.png
Wed Jul 19 2023 22:21:25 GMT-0400 (Eastern Daylight Time): GET /images/hero/hero-one/blob.png
Wed Jul 19 2023 22:21:25 GMT-0400 (Eastern Daylight Time): GET /images/hero/hero-one/g-u.png
Wed Jul 19 2023 22:21:25 GMT-0400 (Eastern Daylight Time): GET /images/hero/hero-one/customers.png
Wed Jul 19 2023 22:21:25 GMT-0400 (Eastern Daylight Time): GET /images/bg/hero-1-bg.jpg
Wed Jul 19 2023 22:21:25 GMT-0400 (Eastern Daylight Time): GET /images/hero/hero-one/p-arc.png
Wed Jul 19 2023 22:21:25 GMT-0400 (Eastern Daylight Time): GET /favicon.ico
Wed Jul 19 2023 22:21:41 GMT-0400 (Eastern Daylight Time): GET /
Wed Jul 19 2023 22:21:41 GMT-0400 (Eastern Daylight Time): GET /css/font-awesome-all.min.css
Wed Jul 19 2023 22:21:41 GMT-0400 (Eastern Daylight Time): GET /css/glightbox.min.css
Wed Jul 19 2023 22:21:41 GMT-0400 (Eastern Daylight Time): GET /css/swiper-bundle.min.css
Wed Jul 19 2023 22:21:41 GMT-0400 (Eastern Daylight Time): GET /css/main.css
Wed Jul 19 2023 22:21:41 GMT-0400 (Eastern Daylight Time): GET /images/hero/hero-one/person.png
Wed Jul 19 2023 22:21:41 GMT-0400 (Eastern Daylight Time): GET /images/hero/hero-one/circle.png
Wed Jul 19 2023 22:21:41 GMT-0400 (Eastern Daylight Time): GET /images/hero/hero-one/b-circle.png
Wed Jul 19 2023 22:21:41 GMT-0400 (Eastern Daylight Time): GET /images/hero/hero-one/g-tri.png
Wed Jul 19 2023 22:21:41 GMT-0400 (Eastern Daylight Time): GET /images/hero/hero-one/customers.png
Wed Jul 19 2023 22:21:41 GMT-0400 (Eastern Daylight Time): GET /images/hero/hero-one/blob.png
Wed Jul 19 2023 22:21:41 GMT-0400 (Eastern Daylight Time): GET /images/hero/hero-one/p-arc.png
Wed Jul 19 2023 22:21:41 GMT-0400 (Eastern Daylight Time): GET /images/hero/hero-one/g-u.png
Wed Jul 19 2023 22:21:41 GMT-0400 (Eastern Daylight Time): GET /images/bg/hero-1-bg.jpg
Wed Jul 19 2023 22:21:41 GMT-0400 (Eastern Daylight Time): GET /favicon.ico
Wed Jul 19 2023 22:23:04 GMT-0400 (Eastern Daylight Time): GET /
Wed Jul 19 2023 22:23:04 GMT-0400 (Eastern Daylight Time): GET /css/font-awesome-all.min.css
Wed Jul 19 2023 22:23:04 GMT-0400 (Eastern Daylight Time): GET /css/glightbox.min.css
Wed Jul 19 2023 22:23:04 GMT-0400 (Eastern Daylight Time): GET /css/swiper-bundle.min.css
Wed Jul 19 2023 22:23:04 GMT-0400 (Eastern Daylight Time): GET /css/main.css
Wed Jul 19 2023 22:23:04 GMT-0400 (Eastern Daylight Time): GET /images/hero/hero-one/person.png
Wed Jul 19 2023 22:23:04 GMT-0400 (Eastern Daylight Time): GET /images/hero/hero-one/g-tri.png
Wed Jul 19 2023 22:23:04 GMT-0400 (Eastern Daylight Time): GET /images/hero/hero-one/blob.png
Wed Jul 19 2023 22:23:04 GMT-0400 (Eastern Daylight Time): GET /images/hero/hero-one/p-arc.png
Wed Jul 19 2023 22:23:04 GMT-0400 (Eastern Daylight Time): GET /images/hero/hero-one/circle.png
Wed Jul 19 2023 22:23:04 GMT-0400 (Eastern Daylight Time): GET /images/hero/hero-one/b-circle.png
Wed Jul 19 2023 22:23:04 GMT-0400 (Eastern Daylight Time): GET /images/hero/hero-one/g-u.png
Wed Jul 19 2023 22:23:04 GMT-0400 (Eastern Daylight Time): GET /images/hero/hero-one/customers.png
Wed Jul 19 2023 22:23:04 GMT-0400 (Eastern Daylight Time): GET /images/bg/hero-1-bg.jpg
Wed Jul 19 2023 22:23:04 GMT-0400 (Eastern Daylight Time): GET /favicon.ico
Wed Jul 19 2023 22:24:52 GMT-0400 (Eastern Daylight Time): GET /webfonts/fa-solid-900.woff2
Wed Jul 19 2023 22:25:37 GMT-0400 (Eastern Daylight Time): GET /
Wed Jul 19 2023 22:25:37 GMT-0400 (Eastern Daylight Time): GET /css/font-awesome-all.min.css
Wed Jul 19 2023 22:25:37 GMT-0400 (Eastern Daylight Time): GET /css/glightbox.min.css
Wed Jul 19 2023 22:25:37 GMT-0400 (Eastern Daylight Time): GET /css/swiper-bundle.min.css
Wed Jul 19 2023 22:25:37 GMT-0400 (Eastern Daylight Time): GET /css/main.css
Wed Jul 19 2023 22:25:37 GMT-0400 (Eastern Daylight Time): GET /images/hero/hero-one/person.png
Wed Jul 19 2023 22:25:37 GMT-0400 (Eastern Daylight Time): GET /images/hero/hero-one/circle.png
Wed Jul 19 2023 22:25:37 GMT-0400 (Eastern Daylight Time): GET /images/hero/hero-one/b-circle.png
Wed Jul 19 2023 22:25:37 GMT-0400 (Eastern Daylight Time): GET /images/hero/hero-one/g-tri.png
Wed Jul 19 2023 22:25:37 GMT-0400 (Eastern Daylight Time): GET /images/hero/hero-one/customers.png
Wed Jul 19 2023 22:25:37 GMT-0400 (Eastern Daylight Time): GET /images/hero/hero-one/g-u.png
Wed Jul 19 2023 22:25:37 GMT-0400 (Eastern Daylight Time): GET /images/hero/hero-one/p-arc.png
Wed Jul 19 2023 22:25:37 GMT-0400 (Eastern Daylight Time): GET /images/hero/hero-one/blob.png
Wed Jul 19 2023 22:25:37 GMT-0400 (Eastern Daylight Time): GET /images/bg/hero-1-bg.jpg
Wed Jul 19 2023 22:25:37 GMT-0400 (Eastern Daylight Time): GET /favicon.ico
Wed Jul 19 2023 22:26:04 GMT-0400 (Eastern Daylight Time): GET /
Wed Jul 19 2023 22:26:04 GMT-0400 (Eastern Daylight Time): GET /css/font-awesome-all.min.css
Wed Jul 19 2023 22:26:04 GMT-0400 (Eastern Daylight Time): GET /css/glightbox.min.css
Wed Jul 19 2023 22:26:04 GMT-0400 (Eastern Daylight Time): GET /css/swiper-bundle.min.css
Wed Jul 19 2023 22:26:04 GMT-0400 (Eastern Daylight Time): GET /css/main.css
Wed Jul 19 2023 22:26:04 GMT-0400 (Eastern Daylight Time): GET /images/hero/hero-one/person.png
Wed Jul 19 2023 22:26:04 GMT-0400 (Eastern Daylight Time): GET /images/hero/hero-one/circle.png
Wed Jul 19 2023 22:26:04 GMT-0400 (Eastern Daylight Time): GET /images/hero/hero-one/b-circle.png
Wed Jul 19 2023 22:26:04 GMT-0400 (Eastern Daylight Time): GET /images/hero/hero-one/g-tri.png
Wed Jul 19 2023 22:26:04 GMT-0400 (Eastern Daylight Time): GET /images/hero/hero-one/g-u.png
Wed Jul 19 2023 22:26:04 GMT-0400 (Eastern Daylight Time): GET /images/hero/hero-one/customers.png
Wed Jul 19 2023 22:26:04 GMT-0400 (Eastern Daylight Time): GET /images/bg/hero-1-bg.jpg
Wed Jul 19 2023 22:26:04 GMT-0400 (Eastern Daylight Time): GET /images/hero/hero-one/blob.png
Wed Jul 19 2023 22:26:04 GMT-0400 (Eastern Daylight Time): GET /images/hero/hero-one/p-arc.png
Wed Jul 19 2023 22:26:04 GMT-0400 (Eastern Daylight Time): GET /favicon.ico
Wed Jul 19 2023 22:26:32 GMT-0400 (Eastern Daylight Time): GET /
Wed Jul 19 2023 22:26:32 GMT-0400 (Eastern Daylight Time): GET /css/font-awesome-all.min.css
Wed Jul 19 2023 22:26:32 GMT-0400 (Eastern Daylight Time): GET /css/swiper-bundle.min.css
Wed Jul 19 2023 22:26:32 GMT-0400 (Eastern Daylight Time): GET /css/main.css
Wed Jul 19 2023 22:26:32 GMT-0400 (Eastern Daylight Time): GET /css/glightbox.min.css
Wed Jul 19 2023 22:26:32 GMT-0400 (Eastern Daylight Time): GET /images/hero/hero-one/person.png
Wed Jul 19 2023 22:26:32 GMT-0400 (Eastern Daylight Time): GET /images/hero/hero-one/circle.png
Wed Jul 19 2023 22:26:32 GMT-0400 (Eastern Daylight Time): GET /images/hero/hero-one/b-circle.png
Wed Jul 19 2023 22:26:32 GMT-0400 (Eastern Daylight Time): GET /images/hero/hero-one/g-tri.png
Wed Jul 19 2023 22:26:32 GMT-0400 (Eastern Daylight Time): GET /images/hero/hero-one/g-u.png
Wed Jul 19 2023 22:26:32 GMT-0400 (Eastern Daylight Time): GET /images/hero/hero-one/customers.png
Wed Jul 19 2023 22:26:32 GMT-0400 (Eastern Daylight Time): GET /images/hero/hero-one/blob.png
Wed Jul 19 2023 22:26:32 GMT-0400 (Eastern Daylight Time): GET /images/hero/hero-one/p-arc.png
Wed Jul 19 2023 22:26:32 GMT-0400 (Eastern Daylight Time): GET /images/bg/hero-1-bg.jpg
Wed Jul 19 2023 22:26:32 GMT-0400 (Eastern Daylight Time): GET /favicon.ico
Wed Jul 19 2023 22:27:45 GMT-0400 (Eastern Daylight Time): GET /
Wed Jul 19 2023 22:27:45 GMT-0400 (Eastern Daylight Time): GET /css/font-awesome-all.min.css
Wed Jul 19 2023 22:27:45 GMT-0400 (Eastern Daylight Time): GET /css/glightbox.min.css
Wed Jul 19 2023 22:27:45 GMT-0400 (Eastern Daylight Time): GET /css/swiper-bundle.min.css
Wed Jul 19 2023 22:27:45 GMT-0400 (Eastern Daylight Time): GET /css/main.css
Wed Jul 19 2023 22:27:46 GMT-0400 (Eastern Daylight Time): GET /images/hero/hero-one/person.png
Wed Jul 19 2023 22:27:46 GMT-0400 (Eastern Daylight Time): GET /images/hero/hero-one/circle.png
Wed Jul 19 2023 22:27:46 GMT-0400 (Eastern Daylight Time): GET /images/hero/hero-one/b-circle.png
Wed Jul 19 2023 22:27:46 GMT-0400 (Eastern Daylight Time): GET /images/hero/hero-one/g-tri.png
Wed Jul 19 2023 22:27:46 GMT-0400 (Eastern Daylight Time): GET /images/hero/hero-one/blob.png
Wed Jul 19 2023 22:27:46 GMT-0400 (Eastern Daylight Time): GET /images/hero/hero-one/p-arc.png
Wed Jul 19 2023 22:27:46 GMT-0400 (Eastern Daylight Time): GET /images/hero/hero-one/g-u.png
Wed Jul 19 2023 22:27:46 GMT-0400 (Eastern Daylight Time): GET /images/hero/hero-one/customers.png
Wed Jul 19 2023 22:27:46 GMT-0400 (Eastern Daylight Time): GET /images/bg/hero-1-bg.jpg
Wed Jul 19 2023 22:27:46 GMT-0400 (Eastern Daylight Time): GET /favicon.ico
Wed Jul 19 2023 22:28:10 GMT-0400 (Eastern Daylight Time): GET /
Wed Jul 19 2023 22:28:10 GMT-0400 (Eastern Daylight Time): GET /css/font-awesome-all.min.css
Wed Jul 19 2023 22:28:10 GMT-0400 (Eastern Daylight Time): GET /css/glightbox.min.css
Wed Jul 19 2023 22:28:10 GMT-0400 (Eastern Daylight Time): GET /css/swiper-bundle.min.css
Wed Jul 19 2023 22:28:10 GMT-0400 (Eastern Daylight Time): GET /css/main.css
Wed Jul 19 2023 22:28:10 GMT-0400 (Eastern Daylight Time): GET /images/hero/hero-one/b-circle.png
Wed Jul 19 2023 22:28:10 GMT-0400 (Eastern Daylight Time): GET /images/hero/hero-one/person.png
Wed Jul 19 2023 22:28:10 GMT-0400 (Eastern Daylight Time): GET /images/hero/hero-one/circle.png
Wed Jul 19 2023 22:28:10 GMT-0400 (Eastern Daylight Time): GET /images/hero/hero-one/g-tri.png
Wed Jul 19 2023 22:28:10 GMT-0400 (Eastern Daylight Time): GET /images/hero/hero-one/customers.png
Wed Jul 19 2023 22:28:10 GMT-0400 (Eastern Daylight Time): GET /images/hero/hero-one/g-u.png
Wed Jul 19 2023 22:28:10 GMT-0400 (Eastern Daylight Time): GET /images/hero/hero-one/blob.png
Wed Jul 19 2023 22:28:10 GMT-0400 (Eastern Daylight Time): GET /images/hero/hero-one/p-arc.png
Wed Jul 19 2023 22:28:10 GMT-0400 (Eastern Daylight Time): GET /images/bg/hero-1-bg.jpg
Wed Jul 19 2023 22:28:10 GMT-0400 (Eastern Daylight Time): GET /favicon.ico
